#
# A fatal error has been detected by the Java Runtime Environment:
#
#  EXCEPTION_ACCESS_VIOLATION (0xc0000005) at pc=0x00007ffd26401b79, pid=23772, tid=24376
#
# JRE version:  (21.0.3+9) (build )
# Java VM: OpenJDK 64-Bit Server VM (21.0.3+9-LTS, mixed mode, sharing, tiered, compressed class ptrs, unknown gc, windows-amd64)
# Problematic frame:
# C  [jimage.dll+0x1b79]
#
# No core dump will be written. Minidumps are not enabled by default on client versions of Windows
#
#

---------------  S U M M A R Y ------------

Command Line: 

Host: AMD Ryzen 7 5700U with Radeon Graphics         , 16 cores, 15G,  Windows 11 , 64 bit Build 22621 (10.0.22621.3672)
Time: Sat Jul 20 21:06:33 2024 Hora est. Pacífico, Sudamérica elapsed time: 0.013677 seconds (0d 0h 0m 0s)

---------------  T H R E A D  ---------------

Current thread is native thread

Stack: [0x0000007e48100000,0x0000007e48200000],  sp=0x0000007e481fe1e0,  free space=1016k
Native frames: (J=compiled Java code, j=interpreted, Vv=VM code, C=native code)
C  [jimage.dll+0x1b79]
C  [jimage.dll+0x1d03]
C  [jimage.dll+0x25c9]
V  [jvm.dll+0x21d082]
V  [jvm.dll+0xc9160]
V  [jvm.dll+0x85414c]
V  [jvm.dll+0x44c55e]
V  [jvm.dll+0x44e081]
C  [jli.dll+0x5278]
C  [ucrtbase.dll+0x29333]
C  [KERNEL32.DLL+0x1257d]
C  [ntdll.dll+0x5af28]


siginfo: EXCEPTION_ACCESS_VIOLATION (0xc0000005), reading address 0x000000000000fcb0


Registers:
RAX=0x0000000000000793, RBX=0x0000007e481fe2d1, RCX=0x00007ffd26406000, RDX=0x0000000000003f25
RSP=0x0000007e481fe1e0, RBP=0x0000007e481fe2d0, RSI=0x000000000000782d, RDI=0x0000007e481fe2d0
R8 =0x00007ffd26404298, R9 =0x000000000000001c, R10=0x00007ffd1cff0000, R11=0x00007ffd26406000
R12=0x0000000000000000, R13=0x0000007e481ffd50, R14=0x0000007e481ff340, R15=0x00007ffcab81d098
RIP=0x00007ffd26401b79, EFLAGS=0x0000000000010213


Top of Stack: (sp=0x0000007e481fe1e0)
0x0000007e481fe1e0:   0000000000000000 0000000000000000
0x0000007e481fe1f0:   0000000000000000 0000000000000000
0x0000007e481fe200:   000002767455e1c0 00007ffd26401d03
0x0000007e481fe210:   000000000000000b 000002767455e1c0
0x0000007e481fe220:   0000000000000000 0000000000000000
0x0000007e481fe230:   0000000000000000 0000000000000000
0x0000007e481fe240:   0000000000000000 0000000000000000
0x0000007e481fe250:   0000000000000000 0000000000000000
0x0000007e481fe260:   0000000000000000 0000000000000000
0x0000007e481fe270:   00001b1c1964d608 0000000000000000
0x0000007e481fe280:   00007ffcab7fad90 0000000000000017
0x0000007e481fe290:   000002767455e1c0 0000007e481ff340
0x0000007e481fe2a0:   000000000000000b 00007ffd264025c9
0x0000007e481fe2b0:   0000000000000000 0000000000000000
0x0000007e481fe2c0:   0000000000000000 0000000000000000
0x0000007e481fe2d0:   61622e6176616a2f 692f6b646a2f6573
0x0000007e481fe2e0:   2f6c616e7265746e 6f6974706f2f6d76
0x0000007e481fe2f0:   000000000000736e 0000000000000000
0x0000007e481fe300:   0000000000000000 0000000000000000
0x0000007e481fe310:   0000000000000000 0000000000000000
0x0000007e481fe320:   0000000000000000 0000000000000000
0x0000007e481fe330:   0000000000000000 0000000000000000
0x0000007e481fe340:   0000000000000000 0000000000000000
0x0000007e481fe350:   0000000000000000 0000000000000000
0x0000007e481fe360:   0000000000000000 0000000000000000
0x0000007e481fe370:   0000000000000000 0000000000000000
0x0000007e481fe380:   0000000000000000 0000000000000000
0x0000007e481fe390:   0000000000000000 0000000000000000
0x0000007e481fe3a0:   0000000000000000 0000000000000000
0x0000007e481fe3b0:   0000000000000000 0000000000000000
0x0000007e481fe3c0:   0000000000000000 0000000000000000
0x0000007e481fe3d0:   0000000000000000 00000000a40001a5 

Instructions: (pc=0x00007ffd26401b79)
0x00007ffd26401a79:   48 85 c9 74 1d 80 3d 8b 45 00 00 00 74 06 48 8b
0x00007ffd26401a89:   53 18 eb 04 48 8b 53 40 e8 8e 0e 00 00 48 83 63
0x00007ffd26401a99:   48 00 8b 4b 0c 83 f9 ff 74 09 e8 c4 0c 00 00 83
0x00007ffd26401aa9:   4b 0c ff 48 8b 4b 70 48 85 c9 74 0f ba 10 00 00
0x00007ffd26401ab9:   00 e8 e5 0e 00 00 48 83 63 70 00 48 83 c4 20 5b
0x00007ffd26401ac9:   c3 cc cc 40 53 48 83 ec 20 48 8b d9 48 8d 0d 44
0x00007ffd26401ad9:   47 00 00 e8 93 0c 00 00 83 6b 08 01 75 24 48 8b
0x00007ffd26401ae9:   d3 48 8d 0d 27 45 00 00 e8 1a 08 00 00 48 8b cb
0x00007ffd26401af9:   e8 d6 fe ff ff ba 78 00 00 00 48 8b cb e8 99 0e
0x00007ffd26401b09:   00 00 48 8d 0d 0e 47 00 00 48 83 c4 20 5b e9 60
0x00007ffd26401b19:   0c 00 00 48 89 5c 24 08 48 89 74 24 10 57 48 83
0x00007ffd26401b29:   ec 20 41 8b f1 4d 8b c8 48 8b fa 4c 8b d9 4d 85
0x00007ffd26401b39:   c0 74 73 85 f6 74 6f 44 8a 12 48 8d 5a 01 48 8b
0x00007ffd26401b49:   d3 b8 93 01 00 01 eb 12 69 c0 93 01 00 01 41 0f
0x00007ffd26401b59:   b6 ca 44 8a 12 33 c1 48 ff c2 45 84 d2 75 e9 4d
0x00007ffd26401b69:   8b 03 33 d2 0f ba f0 1f 49 8b cb f7 f6 48 63 d2
0x00007ffd26401b79:   41 8b 14 91 41 ff 50 08 85 c0 7e 24 8a 0f eb 10
0x00007ffd26401b89:   69 c0 93 01 00 01 0f b6 c9 33 c1 8a 0b 48 ff c3
0x00007ffd26401b99:   84 c9 75 ec 0f ba f0 1f 33 d2 f7 f6 8b c2 eb 09
0x00007ffd26401ba9:   79 04 f7 d0 eb 03 83 c8 ff 48 8b 5c 24 30 48 8b
0x00007ffd26401bb9:   74 24 38 48 83 c4 20 5f c3 cc cc 48 89 5c 24 08
0x00007ffd26401bc9:   48 89 74 24 10 57 48 83 ec 20 48 8b f1 48 8d 0d
0x00007ffd26401bd9:   43 46 00 00 e8 92 0b 00 00 33 ff 39 3d 2e 44 00
0x00007ffd26401be9:   00 76 24 48 8b 05 2d 44 00 00 48 8b d6 48 8b 1c
0x00007ffd26401bf9:   f8 48 8b 0b e8 68 1e 00 00 85 c0 74 2b ff c7 3b
0x00007ffd26401c09:   3d 0a 44 00 00 72 dc 33 db 48 8d 0d 07 46 00 00
0x00007ffd26401c19:   e8 5e 0b 00 00 48 8b 74 24 38 48 8b c3 48 8b 5c
0x00007ffd26401c29:   24 30 48 83 c4 20 5f c3 ff 43 08 eb dc cc cc 48
0x00007ffd26401c39:   89 5c 24 08 48 89 74 24 10 57 48 83 ec 20 48 8b
0x00007ffd26401c49:   d9 48 8b f2 48 8b 49 10 49 8b f8 8b 53 30 48 8b
0x00007ffd26401c59:   01 ff 50 20 4c 8b 43 50 48 8b d6 48 8b 4b 10 44
0x00007ffd26401c69:   8b c8 e8 ac fe ff ff 83 f8 ff 74 38 48 8b 4b 10 



---------------  P R O C E S S  ---------------

VM state: not at safepoint (not fully initialized)

VM Mutex/Monitor currently owned by a thread: None

CDS archive(s) mapped at: [0x0000000000000000-0x0000000000000000-0x0000000000000000), size 0, SharedBaseAddress: 0x0000000800000000, ArchiveRelocationMode: 1.
Narrow klass base: 0x0000000000000000, Narrow klass shift: 0, Narrow klass range: 0x0

GC Precious Log:
<Not initialized>


Dynamic libraries:
0x00007ff6ba9a0000 - 0x00007ff6ba9ae000 	C:\Program Files\Eclipse Adoptium\jdk-21\bin\java.exe
0x00007ffd2f1b0000 - 0x00007ffd2f3c7000 	C:\WINDOWS\SYSTEM32\ntdll.dll
0x00007ffd2dc60000 - 0x00007ffd2dd24000 	C:\WINDOWS\System32\KERNEL32.DLL
0x00007ffd2cac0000 - 0x00007ffd2ce6d000 	C:\WINDOWS\System32\KERNELBASE.dll
0x00007ffd2c4e0000 - 0x00007ffd2c5f1000 	C:\WINDOWS\System32\ucrtbase.dll
0x00007ffd1cff0000 - 0x00007ffd1d00b000 	C:\Program Files\Eclipse Adoptium\jdk-21\bin\VCRUNTIME140.dll
0x00007ffd1b400000 - 0x00007ffd1b418000 	C:\Program Files\Eclipse Adoptium\jdk-21\bin\jli.dll
0x00007ffd2d620000 - 0x00007ffd2d7ce000 	C:\WINDOWS\System32\USER32.dll
0x00007ffd1d780000 - 0x00007ffd1da13000 	C:\WINDOWS\WinSxS\amd64_microsoft.windows.common-controls_6595b64144ccf1df_6.0.22621.3672_none_2713b9d173822955\COMCTL32.dll
0x00007ffd2ca90000 - 0x00007ffd2cab6000 	C:\WINDOWS\System32\win32u.dll
0x00007ffd2e140000 - 0x00007ffd2e1e7000 	C:\WINDOWS\System32\msvcrt.dll
0x00007ffd2d120000 - 0x00007ffd2d149000 	C:\WINDOWS\System32\GDI32.dll
0x00007ffd2c760000 - 0x00007ffd2c879000 	C:\WINDOWS\System32\gdi32full.dll
0x00007ffd2c6c0000 - 0x00007ffd2c75a000 	C:\WINDOWS\System32\msvcp_win.dll
0x00007ffd2d150000 - 0x00007ffd2d181000 	C:\WINDOWS\System32\IMM32.DLL
0x00007ffd26900000 - 0x00007ffd2690c000 	C:\Program Files\Eclipse Adoptium\jdk-21\bin\vcruntime140_1.dll
0x00007ffcc2a10000 - 0x00007ffcc2a9e000 	C:\Program Files\Eclipse Adoptium\jdk-21\bin\msvcp140.dll
0x00007ffcaae20000 - 0x00007ffcabba2000 	C:\Program Files\Eclipse Adoptium\jdk-21\bin\server\jvm.dll
0x00007ffd2d2b0000 - 0x00007ffd2d362000 	C:\WINDOWS\System32\ADVAPI32.dll
0x00007ffd2d370000 - 0x00007ffd2d419000 	C:\WINDOWS\System32\sechost.dll
0x00007ffd2c9f0000 - 0x00007ffd2ca18000 	C:\WINDOWS\System32\bcrypt.dll
0x00007ffd2d500000 - 0x00007ffd2d614000 	C:\WINDOWS\System32\RPCRT4.dll
0x00007ffd2d480000 - 0x00007ffd2d4f1000 	C:\WINDOWS\System32\WS2_32.dll
0x00007ffd2c140000 - 0x00007ffd2c18d000 	C:\WINDOWS\SYSTEM32\POWRPROF.dll
0x00007ffd27940000 - 0x00007ffd27974000 	C:\WINDOWS\SYSTEM32\WINMM.dll
0x00007ffd22a60000 - 0x00007ffd22a6a000 	C:\WINDOWS\SYSTEM32\VERSION.dll
0x00007ffd2bf40000 - 0x00007ffd2bf53000 	C:\WINDOWS\SYSTEM32\UMPDC.dll
0x00007ffd2b510000 - 0x00007ffd2b528000 	C:\WINDOWS\SYSTEM32\kernel.appcore.dll
0x00007ffd26400000 - 0x00007ffd2640a000 	C:\Program Files\Eclipse Adoptium\jdk-21\bin\jimage.dll
0x00007ffd29ed0000 - 0x00007ffd2a102000 	C:\WINDOWS\SYSTEM32\DBGHELP.DLL
0x00007ffd2e470000 - 0x00007ffd2e7f8000 	C:\WINDOWS\System32\combase.dll
0x00007ffd2de30000 - 0x00007ffd2df07000 	C:\WINDOWS\System32\OLEAUT32.dll
0x00007ffd128d0000 - 0x00007ffd12902000 	C:\WINDOWS\SYSTEM32\dbgcore.DLL
0x00007ffd2ce70000 - 0x00007ffd2ceeb000 	C:\WINDOWS\System32\bcryptPrimitives.dll

dbghelp: loaded successfully - version: 4.0.5 - missing functions: none
symbol engine: initialized successfully - sym options: 0x614 - pdb path: .;C:\Program Files\Eclipse Adoptium\jdk-21\bin;C:\WINDOWS\SYSTEM32;C:\WINDOWS\WinSxS\amd64_microsoft.windows.common-controls_6595b64144ccf1df_6.0.22621.3672_none_2713b9d173822955;C:\Program Files\Eclipse Adoptium\jdk-21\bin\server

VM Arguments:
java_command: <unknown>
java_class_path (initial): <not set>
Launcher Type: SUN_STANDARD

[Global flags]
     bool UseLargePagesIndividualAllocation        = false                                  {pd product} {ergonomic}

Logging:
Log output configuration:
 #0: stdout all=warning uptime,level,tags foldmultilines=false
 #1: stderr all=off uptime,level,tags foldmultilines=false

Environment Variables:
JAVA_HOME=C:\Program Files\Eclipse Adoptium\jdk-21\
PATH=C:\Python312\Scripts\;C:\Python312\;C:\Program Files\Eclipse Adoptium\jdk-21\bin;C:\Program Files (x86)\VMware\VMware Workstation\bin\;C:\WINDOWS\system32;C:\WINDOWS;C:\WINDOWS\System32\Wbem;C:\WINDOWS\System32\WindowsPowerShell\v1.0\;C:\WINDOWS\System32\OpenSSH\;C:\ProgramData\chocolatey\bin;C:\Program Files\PostgreSQL\10\bin;C:\Program Files\Git\cmd;C:\Program Files (x86)\PuTTY\;C:\Program Files\Microsoft SQL Server\130\Tools\Binn\;C:\Program Files (x86)\IVI Foundation\VISA\WinNT\Bin\;C:\Program Files\IVI Foundation\VISA\Win64\Bin\;C:\Program Files (x86)\IVI Foundation\VISA\WinNT\Bin;C:\Users\Admin\AppData\Roaming\nvm;C:\Program Files\nodejs;C:\JupyterLab;C:\Maven\apache-maven-3.9.7\bin;;C:\Program Files\Docker\Docker\resources\bin;C:\Program Files\nodejs\;C:\Users\Admin\AppData\Local\Programs\Python\Python312\Scripts\;C:\Users\Admin\AppData\Local\Programs\Python\Python312\;C:\Users\Admin\AppData\Local\Microsoft\WindowsApps;C:\Users\Admin\AppData\Local\Programs\Microsoft VS Code\bin;C:\xampp\php;C:\Program Files\Azure Data Studio\bin;C:\Program Files\MongoDB\Server\5.0\bin;C:\Users\Admin\AppData\Roaming\nvm;C:\Program Files\nodejs;C:\Users\Admin\AppData\Roaming\npm
USERNAME=Admin
OS=Windows_NT
PROCESSOR_IDENTIFIER=AMD64 Family 23 Model 104 Stepping 1, AuthenticAMD
TMP=C:\Users\Admin\AppData\Local\Temp
TEMP=C:\Users\Admin\AppData\Local\Temp




Periodic native trim disabled

---------------  S Y S T E M  ---------------

OS:
 Windows 11 , 64 bit Build 22621 (10.0.22621.3672)
OS uptime: 0 days 12:02 hours

CPU: total 16 (initial active 0) 
Processor Information for all 16 processors :
  Max Mhz: 1801, Current Mhz: 1801, Mhz Limit: 1801

Memory: 4k page, system-wide physical 15709M (4231M free)
TotalPageFile size 17757M (AvailPageFile size 5M)
current process WorkingSet (physical memory assigned to process): 8M, peak: 8M
current process commit charge ("private bytes"): 3M, peak: 3M

vm_info: OpenJDK 64-Bit Server VM (21.0.3+9-LTS) for windows-amd64 JRE (21.0.3+9-LTS), built on 2024-04-16T00:00:00Z by "admin" with MS VC++ 17.7 (VS2022)

END.
