#
# There is insufficient memory for the Java Runtime Environment to continue.
# Native memory allocation (mmap) failed to map 257949696 bytes. Error detail: G1 virtual space
# Possible reasons:
#   The system is out of physical RAM or swap space
#   This process is running with CompressedOops enabled, and the Java Heap may be blocking the growth of the native heap
# Possible solutions:
#   Reduce memory load on the system
#   Increase physical memory or swap space
#   Check if swap backing store is full
#   Decrease Java heap size (-Xmx/-Xms)
#   Decrease number of Java threads
#   Decrease Java thread stack sizes (-Xss)
#   Set larger code cache with -XX:ReservedCodeCacheSize=
#   JVM is running with Zero Based Compressed Oops mode in which the Java heap is
#     placed in the first 32GB address space. The Java Heap base address is the
#     maximum limit for the native heap growth. Please use -XX:HeapBaseMinAddress
#     to set the Java Heap base and to place the Java Heap above 32GB virtual address.
# This output file may be truncated or incomplete.
#
#  Out of Memory Error (os_windows.cpp:3603), pid=23712, tid=23824
#
# JRE version:  (21.0.3+9) (build )
# Java VM: OpenJDK 64-Bit Server VM (21.0.3+9-LTS, mixed mode, sharing, tiered, compressed oops, compressed class ptrs, g1 gc, windows-amd64)
# No core dump will be written. Minidumps are not enabled by default on client versions of Windows
#

---------------  S U M M A R Y ------------

Command Line: -Dfile.encoding=utf8 c:\Users\Admin\.vscode\extensions\vscjava.vscode-gradle-3.15.0\lib\gradle-language-server.jar

Host: AMD Ryzen 7 5700U with Radeon Graphics         , 16 cores, 15G,  Windows 11 , 64 bit Build 22621 (10.0.22621.3672)
Time: Sat Jul 20 21:06:30 2024 Hora est. Pacífico, Sudamérica elapsed time: 0.017477 seconds (0d 0h 0m 0s)

---------------  T H R E A D  ---------------

Current thread (0x000001bc92539920):  JavaThread "Unknown thread" [_thread_in_vm, id=23824, stack(0x0000000d15000000,0x0000000d15100000) (1024K)]

Stack: [0x0000000d15000000,0x0000000d15100000]
Native frames: (J=compiled Java code, j=interpreted, Vv=VM code, C=native code)
V  [jvm.dll+0x6c8699]
V  [jvm.dll+0x8a2061]
V  [jvm.dll+0x8a458e]
V  [jvm.dll+0x8a4c63]
V  [jvm.dll+0x27e476]
V  [jvm.dll+0x6c4e15]
V  [jvm.dll+0x6b9b0a]
V  [jvm.dll+0x3523ba]
V  [jvm.dll+0x359f66]
V  [jvm.dll+0x3ab1be]
V  [jvm.dll+0x3ab468]
V  [jvm.dll+0x3265fc]
V  [jvm.dll+0x32715b]
V  [jvm.dll+0x86b0b9]
V  [jvm.dll+0x3b81c1]
V  [jvm.dll+0x854318]
V  [jvm.dll+0x44c55e]
V  [jvm.dll+0x44e081]
C  [jli.dll+0x5278]
C  [ucrtbase.dll+0x29333]
C  [KERNEL32.DLL+0x1257d]
C  [ntdll.dll+0x5af28]


---------------  P R O C E S S  ---------------

Threads class SMR info:
_java_thread_list=0x00007ffcaba4e048, length=0, elements={
}

Java Threads: ( => current thread )
Total: 0

Other Threads:
  0x000001bc9259bba0 WorkerThread "GC Thread#0"                     [id=23832, stack(0x0000000d15100000,0x0000000d15200000) (1024K)]
  0x000001bc925ac2b0 ConcurrentGCThread "G1 Main Marker"            [id=23836, stack(0x0000000d15200000,0x0000000d15300000) (1024K)]
  0x000001bc925acdb0 WorkerThread "G1 Conc#0"                       [id=23840, stack(0x0000000d15300000,0x0000000d15400000) (1024K)]

[error occurred during error reporting (printing all threads), id 0xc0000005, EXCEPTION_ACCESS_VIOLATION (0xc0000005) at pc=0x00007ffcab158f27]
VM state: not at safepoint (not fully initialized)

VM Mutex/Monitor currently owned by a thread:  ([mutex/lock_event])
[0x00007ffcabac2228] Heap_lock - owner thread: 0x000001bc92539920

Heap address: 0x000000070a800000, size: 3928 MB, Compressed Oops mode: Zero based, Oop shift amount: 3

CDS archive(s) mapped at: [0x0000000000000000-0x0000000000000000-0x0000000000000000), size 0, SharedBaseAddress: 0x0000000800000000, ArchiveRelocationMode: 1.
Narrow klass base: 0x0000000000000000, Narrow klass shift: 0, Narrow klass range: 0x0

GC Precious Log:
 CardTable entry size: 512
 Card Set container configuration: InlinePtr #cards 4 size 8 Array Of Cards #cards 16 size 48 Howl #buckets 8 coarsen threshold 3686 Howl Bitmap #cards 512 size 80 coarsen threshold 460 Card regions per heap region 1 cards per card region 4096

Heap:
 garbage-first heap   total 0K, used 0K [0x000000070a800000, 0x0000000800000000)
  region size 2048K, 0 young (0K), 0 survivors (0K)

[error occurred during error reporting (printing heap information), id 0xc0000005, EXCEPTION_ACCESS_VIOLATION (0xc0000005) at pc=0x00007ffcab542069]
GC Heap History (0 events):
No events

Dll operation events (1 events):
Event: 0.012 Loaded shared library C:\Program Files\Eclipse Adoptium\jdk-21\bin\java.dll

Deoptimization events (0 events):
No events

Classes loaded (0 events):
No events

Classes unloaded (0 events):
No events

Classes redefined (0 events):
No events

Internal exceptions (0 events):
No events

ZGC Phase Switch (0 events):
No events

VM Operations (0 events):
No events

Events (0 events):
No events


Dynamic libraries:
0x00007ff6ba9a0000 - 0x00007ff6ba9ae000 	C:\Program Files\Eclipse Adoptium\jdk-21\bin\java.exe
0x00007ffd2f1b0000 - 0x00007ffd2f3c7000 	C:\WINDOWS\SYSTEM32\ntdll.dll
0x00007ffd2dc60000 - 0x00007ffd2dd24000 	C:\WINDOWS\System32\KERNEL32.DLL
0x00007ffd2cac0000 - 0x00007ffd2ce6d000 	C:\WINDOWS\System32\KERNELBASE.dll
0x00007ffd2c4e0000 - 0x00007ffd2c5f1000 	C:\WINDOWS\System32\ucrtbase.dll
0x00007ffd1b400000 - 0x00007ffd1b418000 	C:\Program Files\Eclipse Adoptium\jdk-21\bin\jli.dll
0x00007ffd1cff0000 - 0x00007ffd1d00b000 	C:\Program Files\Eclipse Adoptium\jdk-21\bin\VCRUNTIME140.dll
0x00007ffd2d620000 - 0x00007ffd2d7ce000 	C:\WINDOWS\System32\USER32.dll
0x00007ffd1d780000 - 0x00007ffd1da13000 	C:\WINDOWS\WinSxS\amd64_microsoft.windows.common-controls_6595b64144ccf1df_6.0.22621.3672_none_2713b9d173822955\COMCTL32.dll
0x00007ffd2ca90000 - 0x00007ffd2cab6000 	C:\WINDOWS\System32\win32u.dll
0x00007ffd2e140000 - 0x00007ffd2e1e7000 	C:\WINDOWS\System32\msvcrt.dll
0x00007ffd2d120000 - 0x00007ffd2d149000 	C:\WINDOWS\System32\GDI32.dll
0x00007ffd2c760000 - 0x00007ffd2c879000 	C:\WINDOWS\System32\gdi32full.dll
0x00007ffd2c6c0000 - 0x00007ffd2c75a000 	C:\WINDOWS\System32\msvcp_win.dll
0x00007ffd2d150000 - 0x00007ffd2d181000 	C:\WINDOWS\System32\IMM32.DLL
0x00007ffd26900000 - 0x00007ffd2690c000 	C:\Program Files\Eclipse Adoptium\jdk-21\bin\vcruntime140_1.dll
0x00007ffcc2a10000 - 0x00007ffcc2a9e000 	C:\Program Files\Eclipse Adoptium\jdk-21\bin\msvcp140.dll
0x00007ffcaae20000 - 0x00007ffcabba2000 	C:\Program Files\Eclipse Adoptium\jdk-21\bin\server\jvm.dll
0x00007ffd2d2b0000 - 0x00007ffd2d362000 	C:\WINDOWS\System32\ADVAPI32.dll
0x00007ffd2d370000 - 0x00007ffd2d419000 	C:\WINDOWS\System32\sechost.dll
0x00007ffd2c9f0000 - 0x00007ffd2ca18000 	C:\WINDOWS\System32\bcrypt.dll
0x00007ffd2d500000 - 0x00007ffd2d614000 	C:\WINDOWS\System32\RPCRT4.dll
0x00007ffd2d480000 - 0x00007ffd2d4f1000 	C:\WINDOWS\System32\WS2_32.dll
0x00007ffd2c140000 - 0x00007ffd2c18d000 	C:\WINDOWS\SYSTEM32\POWRPROF.dll
0x00007ffd27940000 - 0x00007ffd27974000 	C:\WINDOWS\SYSTEM32\WINMM.dll
0x00007ffd22a60000 - 0x00007ffd22a6a000 	C:\WINDOWS\SYSTEM32\VERSION.dll
0x00007ffd2bf40000 - 0x00007ffd2bf53000 	C:\WINDOWS\SYSTEM32\UMPDC.dll
0x00007ffd2b510000 - 0x00007ffd2b528000 	C:\WINDOWS\SYSTEM32\kernel.appcore.dll
0x00007ffd26400000 - 0x00007ffd2640a000 	C:\Program Files\Eclipse Adoptium\jdk-21\bin\jimage.dll
0x00007ffd29ed0000 - 0x00007ffd2a102000 	C:\WINDOWS\SYSTEM32\DBGHELP.DLL
0x00007ffd2e470000 - 0x00007ffd2e7f8000 	C:\WINDOWS\System32\combase.dll
0x00007ffd2de30000 - 0x00007ffd2df07000 	C:\WINDOWS\System32\OLEAUT32.dll
0x00007ffd128d0000 - 0x00007ffd12902000 	C:\WINDOWS\SYSTEM32\dbgcore.DLL
0x00007ffd2ce70000 - 0x00007ffd2ceeb000 	C:\WINDOWS\System32\bcryptPrimitives.dll
0x00007ffd0c270000 - 0x00007ffd0c28f000 	C:\Program Files\Eclipse Adoptium\jdk-21\bin\java.dll

dbghelp: loaded successfully - version: 4.0.5 - missing functions: none
symbol engine: initialized successfully - sym options: 0x614 - pdb path: .;C:\Program Files\Eclipse Adoptium\jdk-21\bin;C:\WINDOWS\SYSTEM32;C:\WINDOWS\WinSxS\amd64_microsoft.windows.common-controls_6595b64144ccf1df_6.0.22621.3672_none_2713b9d173822955;C:\Program Files\Eclipse Adoptium\jdk-21\bin\server

VM Arguments:
jvm_args: -Dfile.encoding=utf8 
java_command: c:\Users\Admin\.vscode\extensions\vscjava.vscode-gradle-3.15.0\lib\gradle-language-server.jar
java_class_path (initial): c:\Users\Admin\.vscode\extensions\vscjava.vscode-gradle-3.15.0\lib\gradle-language-server.jar
Launcher Type: SUN_STANDARD

[Global flags]
     intx CICompilerCount                          = 12                                        {product} {ergonomic}
     uint ConcGCThreads                            = 3                                         {product} {ergonomic}
     uint G1ConcRefinementThreads                  = 13                                        {product} {ergonomic}
   size_t G1HeapRegionSize                         = 2097152                                   {product} {ergonomic}
    uintx GCDrainStackTargetSize                   = 64                                        {product} {ergonomic}
   size_t InitialHeapSize                          = 257949696                                 {product} {ergonomic}
   size_t MarkStackSize                            = 4194304                                   {product} {ergonomic}
   size_t MaxHeapSize                              = 4118806528                                {product} {ergonomic}
   size_t MinHeapDeltaBytes                        = 2097152                                   {product} {ergonomic}
   size_t MinHeapSize                              = 8388608                                   {product} {ergonomic}
    uintx NonNMethodCodeHeapSize                   = 7602480                                {pd product} {ergonomic}
    uintx NonProfiledCodeHeapSize                  = 122027880                              {pd product} {ergonomic}
    uintx ProfiledCodeHeapSize                     = 122027880                              {pd product} {ergonomic}
    uintx ReservedCodeCacheSize                    = 251658240                              {pd product} {ergonomic}
     bool SegmentedCodeCache                       = true                                      {product} {ergonomic}
   size_t SoftMaxHeapSize                          = 4118806528                             {manageable} {ergonomic}
     bool UseCompressedOops                        = true                           {product lp64_product} {ergonomic}
     bool UseG1GC                                  = true                                      {product} {ergonomic}
     bool UseLargePagesIndividualAllocation        = false                                  {pd product} {ergonomic}

Logging:
Log output configuration:
 #0: stdout all=warning uptime,level,tags foldmultilines=false
 #1: stderr all=off uptime,level,tags foldmultilines=false

Environment Variables:
JAVA_HOME=C:\Program Files\Eclipse Adoptium\jdk-21\
PATH=C:\Python312\Scripts\;C:\Python312\;C:\Program Files\Eclipse Adoptium\jdk-21\bin;C:\Program Files (x86)\VMware\VMware Workstation\bin\;C:\WINDOWS\system32;C:\WINDOWS;C:\WINDOWS\System32\Wbem;C:\WINDOWS\System32\WindowsPowerShell\v1.0\;C:\WINDOWS\System32\OpenSSH\;C:\ProgramData\chocolatey\bin;C:\Program Files\PostgreSQL\10\bin;C:\Program Files\Git\cmd;C:\Program Files (x86)\PuTTY\;C:\Program Files\Microsoft SQL Server\130\Tools\Binn\;C:\Program Files (x86)\IVI Foundation\VISA\WinNT\Bin\;C:\Program Files\IVI Foundation\VISA\Win64\Bin\;C:\Program Files (x86)\IVI Foundation\VISA\WinNT\Bin;C:\Users\Admin\AppData\Roaming\nvm;C:\Program Files\nodejs;C:\JupyterLab;C:\Maven\apache-maven-3.9.7\bin;;C:\Program Files\Docker\Docker\resources\bin;C:\Program Files\nodejs\;C:\Users\Admin\AppData\Local\Programs\Python\Python312\Scripts\;C:\Users\Admin\AppData\Local\Programs\Python\Python312\;C:\Users\Admin\AppData\Local\Microsoft\WindowsApps;C:\Users\Admin\AppData\Local\Programs\Microsoft VS Code\bin;C:\xampp\php;C:\Program Files\Azure Data Studio\bin;C:\Program Files\MongoDB\Server\5.0\bin;C:\Users\Admin\AppData\Roaming\nvm;C:\Program Files\nodejs;C:\Users\Admin\AppData\Roaming\npm
USERNAME=Admin
OS=Windows_NT
PROCESSOR_IDENTIFIER=AMD64 Family 23 Model 104 Stepping 1, AuthenticAMD
TMP=C:\Users\Admin\AppData\Local\Temp
TEMP=C:\Users\Admin\AppData\Local\Temp




Periodic native trim disabled

---------------  S Y S T E M  ---------------

OS:
 Windows 11 , 64 bit Build 22621 (10.0.22621.3672)
OS uptime: 0 days 12:02 hours
Hyper-V role detected

CPU: total 16 (initial active 16) (16 cores per cpu, 2 threads per core) family 23 model 104 stepping 1 microcode 0x0, cx8, cmov, fxsr, ht, mmx, 3dnowpref, sse, sse2, sse3, ssse3, sse4a, sse4.1, sse4.2, popcnt, lzcnt, tsc, tscinvbit, avx, avx2, aes, clmul, bmi1, bmi2, adx, sha, fma, vzeroupper, clflush, clflushopt, hv, rdtscp, rdpid, f16c
Processor Information for all 16 processors :
  Max Mhz: 1801, Current Mhz: 1801, Mhz Limit: 1801

Memory: 4k page, system-wide physical 15709M (4319M free)
TotalPageFile size 17757M (AvailPageFile size 109M)
current process WorkingSet (physical memory assigned to process): 11M, peak: 11M
current process commit charge ("private bytes"): 70M, peak: 316M

vm_info: OpenJDK 64-Bit Server VM (21.0.3+9-LTS) for windows-amd64 JRE (21.0.3+9-LTS), built on 2024-04-16T00:00:00Z by "admin" with MS VC++ 17.7 (VS2022)

END.
