#
# There is insufficient memory for the Java Runtime Environment to continue.
# Native memory allocation (malloc) failed to allocate 205408 bytes. Error detail: Chunk::new
# Possible reasons:
#   The system is out of physical RAM or swap space
#   This process is running with CompressedOops enabled, and the Java Heap may be blocking the growth of the native heap
# Possible solutions:
#   Reduce memory load on the system
#   Increase physical memory or swap space
#   Check if swap backing store is full
#   Decrease Java heap size (-Xmx/-Xms)
#   Decrease number of Java threads
#   Decrease Java thread stack sizes (-Xss)
#   Set larger code cache with -XX:ReservedCodeCacheSize=
#   JVM is running with Unscaled Compressed Oops mode in which the Java heap is
#     placed in the first 4GB address space. The Java Heap base address is the
#     maximum limit for the native heap growth. Please use -XX:HeapBaseMinAddress
#     to set the Java Heap base and to place the Java Heap above 4GB virtual address.
# This output file may be truncated or incomplete.
#
#  Out of Memory Error (arena.cpp:191), pid=24500, tid=10792
#
# JRE version: OpenJDK Runtime Environment Temurin-17.0.11+9 (17.0.11+9) (build 17.0.11+9)
# Java VM: OpenJDK 64-Bit Server VM Temurin-17.0.11+9 (17.0.11+9, mixed mode, tiered, compressed oops, compressed class ptrs, parallel gc, windows-amd64)
# No core dump will be written. Minidumps are not enabled by default on client versions of Windows
#

---------------  S U M M A R Y ------------

Command Line: --add-modules=ALL-SYSTEM --add-opens=java.base/java.util=ALL-UNNAMED --add-opens=java.base/java.lang=ALL-UNNAMED --add-opens=java.base/sun.nio.fs=ALL-UNNAMED -Declipse.application=org.eclipse.jdt.ls.core.id1 -Dosgi.bundles.defaultStartLevel=4 -Declipse.product=org.eclipse.jdt.ls.core.product -Djava.import.generatesMetadataFilesAtProjectRoot=false -DDetectVMInstallationsJob.disabled=true -Dfile.encoding=utf8 -XX:+UseParallelGC -XX:GCTimeRatio=4 -XX:AdaptiveSizePolicyWeight=90 -Dsun.zip.disableMemoryMapping=true -Xmx1G -Xms100m -Xlog:disable -javaagent:c:\Users\Admin\.vscode\extensions\redhat.java-1.32.0-win32-x64\lombok\lombok-1.18.33.jar c:\Users\Admin\.vscode\extensions\redhat.java-1.32.0-win32-x64\server\plugins\org.eclipse.equinox.launcher_1.6.900.v20240613-2009.jar -configuration c:\Users\Admin\AppData\Roaming\Code\User\globalStorage\redhat.java\1.32.0\config_ss_win -data c:\Users\Admin\AppData\Roaming\Code\User\workspaceStorage\7a47b1dd9d3b1d10c799db6b28b5d418\redhat.java\ss_ws --pipe=\\.\pipe\lsp-fd7f3bb91301ab264d5bbde483b947bd-sock

Host: AMD Ryzen 7 5700U with Radeon Graphics         , 16 cores, 15G,  Windows 11 , 64 bit Build 22621 (10.0.22621.3672)
Time: Sat Jul 20 21:06:33 2024 Hora est. Pacífico, Sudamérica elapsed time: 0.573086 seconds (0d 0h 0m 0s)

---------------  T H R E A D  ---------------

Current thread (0x00000259aa2d5df0):  JavaThread "C2 CompilerThread2" daemon [_thread_in_native, id=10792, stack(0x0000008e90300000,0x0000008e90400000)]


Current CompileTask:
C2:    573  638       4       lombok.patcher.PatchScript::classMatches (41 bytes)

Stack: [0x0000008e90300000,0x0000008e90400000]
Native frames: (J=compiled Java code, j=interpreted, Vv=VM code, C=native code)
V  [jvm.dll+0x67d429]
V  [jvm.dll+0x834b7a]
V  [jvm.dll+0x83663e]
V  [jvm.dll+0x836ca3]
V  [jvm.dll+0x247dbf]
V  [jvm.dll+0xac534]
V  [jvm.dll+0xacb7c]
V  [jvm.dll+0x366647]
V  [jvm.dll+0x1bd272]
V  [jvm.dll+0x21a5c9]
V  [jvm.dll+0x2198b1]
V  [jvm.dll+0x1a534d]
V  [jvm.dll+0x2295cd]
V  [jvm.dll+0x22779c]
V  [jvm.dll+0x7e9d07]
V  [jvm.dll+0x7e410a]
V  [jvm.dll+0x67c315]
C  [ucrtbase.dll+0x29333]
C  [KERNEL32.DLL+0x1257d]
C  [ntdll.dll+0x5af28]


---------------  P R O C E S S  ---------------

Threads class SMR info:
_java_thread_list=0x00000259aa16d320, length=16, elements={
0x000002598f00ef00, 0x00000259a2e93260, 0x00000259a2e95890, 0x00000259a2e9a250,
0x00000259a2e9afe0, 0x00000259a2e9c510, 0x00000259a7fec010, 0x00000259a7ff0f00,
0x00000259a7ff5d20, 0x00000259a7ff6630, 0x00000259a2d7bea0, 0x00000259a8122440,
0x00000259a80ebe30, 0x00000259a8170c00, 0x00000259a829a8f0, 0x00000259aa2d5df0
}

Java Threads: ( => current thread )
  0x000002598f00ef00 JavaThread "main" [_thread_in_Java, id=23568, stack(0x0000008e8f100000,0x0000008e8f200000)]
  0x00000259a2e93260 JavaThread "Reference Handler" daemon [_thread_blocked, id=23664, stack(0x0000008e8f400000,0x0000008e8f500000)]
  0x00000259a2e95890 JavaThread "Finalizer" daemon [_thread_blocked, id=23128, stack(0x0000008e8f500000,0x0000008e8f600000)]
  0x00000259a2e9a250 JavaThread "Signal Dispatcher" daemon [_thread_blocked, id=20424, stack(0x0000008e8f600000,0x0000008e8f700000)]
  0x00000259a2e9afe0 JavaThread "Attach Listener" daemon [_thread_blocked, id=2268, stack(0x0000008e8f700000,0x0000008e8f800000)]
  0x00000259a2e9c510 JavaThread "Service Thread" daemon [_thread_blocked, id=23728, stack(0x0000008e8f800000,0x0000008e8f900000)]
  0x00000259a7fec010 JavaThread "Monitor Deflation Thread" daemon [_thread_blocked, id=23632, stack(0x0000008e8f900000,0x0000008e8fa00000)]
  0x00000259a7ff0f00 JavaThread "C2 CompilerThread0" daemon [_thread_in_native, id=23644, stack(0x0000008e8fa00000,0x0000008e8fb00000)]
  0x00000259a7ff5d20 JavaThread "C1 CompilerThread0" daemon [_thread_in_native, id=23620, stack(0x0000008e8fb00000,0x0000008e8fc00000)]
  0x00000259a7ff6630 JavaThread "Sweeper thread" daemon [_thread_blocked, id=23604, stack(0x0000008e8fc00000,0x0000008e8fd00000)]
  0x00000259a2d7bea0 JavaThread "Common-Cleaner" daemon [_thread_blocked, id=24412, stack(0x0000008e8fd00000,0x0000008e8fe00000)]
  0x00000259a8122440 JavaThread "C1 CompilerThread1" daemon [_thread_blocked, id=22128, stack(0x0000008e8fe00000,0x0000008e8ff00000)]
  0x00000259a80ebe30 JavaThread "C1 CompilerThread2" daemon [_thread_in_native, id=23724, stack(0x0000008e8ff00000,0x0000008e90000000)]
  0x00000259a8170c00 JavaThread "C2 CompilerThread1" daemon [_thread_in_native, id=23768, stack(0x0000008e90000000,0x0000008e90100000)]
  0x00000259a829a8f0 JavaThread "Notification Thread" daemon [_thread_blocked, id=22796, stack(0x0000008e90100000,0x0000008e90200000)]
=>0x00000259aa2d5df0 JavaThread "C2 CompilerThread2" daemon [_thread_in_native, id=10792, stack(0x0000008e90300000,0x0000008e90400000)]

Other Threads:
  0x00000259a7fc6600 VMThread "VM Thread" [stack: 0x0000008e8f300000,0x0000008e8f400000] [id=23596]
  0x00000259aa1fb3c0 WatcherThread [stack: 0x0000008e90200000,0x0000008e90300000] [id=21772]
  0x000002598f024d00 GCTaskThread "GC Thread#0" [stack: 0x0000008e8f200000,0x0000008e8f300000] [id=24004]

Threads with active compile tasks:
C2 CompilerThread0      588  637       4       lombok.patcher.scripts.MethodLevelPatchScript::patch (21 bytes)
C1 CompilerThread0      588  709       3       java.util.HashMap::<init> (98 bytes)
C1 CompilerThread2      588  707   !   3       java.util.jar.Attributes::read (498 bytes)
C2 CompilerThread1      588  686       4       sun.security.provider.SHA2::implCompress0 (490 bytes)
C2 CompilerThread2      588  638       4       lombok.patcher.PatchScript::classMatches (41 bytes)

VM state: not at safepoint (normal execution)

VM Mutex/Monitor currently owned by a thread: None

Heap address: 0x00000000c0000000, size: 1024 MB, Compressed Oops mode: 32-bit

CDS archive(s) not mapped
Compressed class space mapped at: 0x0000000100000000-0x0000000140000000, reserved size: 1073741824
Narrow klass base: 0x0000000000000000, Narrow klass shift: 3, Narrow klass range: 0x140000000

GC Precious Log:
 CPUs: 16 total, 16 available
 Memory: 15709M
 Large Page Support: Disabled
 NUMA Support: Disabled
 Compressed Oops: Enabled (32-bit)
 Alignments: Space 512K, Generation 512K, Heap 2M
 Heap Min Capacity: 100M
 Heap Initial Capacity: 100M
 Heap Max Capacity: 1G
 Pre-touch: Disabled
 Parallel Workers: 13

Heap:
 PSYoungGen      total 29696K, used 16711K [0x00000000eab00000, 0x00000000ecc00000, 0x0000000100000000)
  eden space 25600K, 65% used [0x00000000eab00000,0x00000000ebb51c88,0x00000000ec400000)
  from space 4096K, 0% used [0x00000000ec800000,0x00000000ec800000,0x00000000ecc00000)
  to   space 4096K, 0% used [0x00000000ec400000,0x00000000ec400000,0x00000000ec800000)
 ParOldGen       total 68608K, used 0K [0x00000000c0000000, 0x00000000c4300000, 0x00000000eab00000)
  object space 68608K, 0% used [0x00000000c0000000,0x00000000c0000000,0x00000000c4300000)
 Metaspace       used 9257K, committed 9408K, reserved 1114112K
  class space    used 915K, committed 960K, reserved 1048576K

Card table byte_map: [0x000002598e9d0000,0x000002598ebe0000] _byte_map_base: 0x000002598e3d0000

Marking Bits: (ParMarkBitMap*) 0x00007ffcaad4d820
 Begin Bits: [0x00000259a0ca0000, 0x00000259a1ca0000)
 End Bits:   [0x00000259a1ca0000, 0x00000259a2ca0000)

Polling page: 0x000002598e7c0000

Metaspace:

Usage:
  Non-class:      8.15 MB used.
      Class:    915.25 KB used.
       Both:      9.04 MB used.

Virtual space:
  Non-class space:       64.00 MB reserved,       8.25 MB ( 13%) committed,  1 nodes.
      Class space:        1.00 GB reserved,     960.00 KB ( <1%) committed,  1 nodes.
             Both:        1.06 GB reserved,       9.19 MB ( <1%) committed. 

Chunk freelists:
   Non-Class:  6.92 MB
       Class:  15.08 MB
        Both:  22.00 MB

MaxMetaspaceSize: unlimited
CompressedClassSpaceSize: 1.00 GB
Initial GC threshold: 21.00 MB
Current GC threshold: 21.00 MB
CDS: off
MetaspaceReclaimPolicy: balanced
 - commit_granule_bytes: 65536.
 - commit_granule_words: 8192.
 - virtual_space_node_default_size: 8388608.
 - enlarge_chunks_in_place: 1.
 - new_chunks_are_fully_committed: 0.
 - uncommit_free_chunks: 1.
 - use_allocation_guard: 0.
 - handle_deallocations: 1.


Internal statistics:

num_allocs_failed_limit: 0.
num_arena_births: 10.
num_arena_deaths: 0.
num_vsnodes_births: 2.
num_vsnodes_deaths: 0.
num_space_committed: 147.
num_space_uncommitted: 0.
num_chunks_returned_to_freelist: 0.
num_chunks_taken_from_freelist: 46.
num_chunk_merges: 0.
num_chunk_splits: 27.
num_chunks_enlarged: 25.
num_inconsistent_stats: 0.

CodeHeap 'non-profiled nmethods': size=119168Kb used=255Kb max_used=255Kb free=118912Kb
 bounds [0x0000025999840000, 0x0000025999ab0000, 0x00000259a0ca0000]
CodeHeap 'profiled nmethods': size=119104Kb used=1131Kb max_used=1131Kb free=117972Kb
 bounds [0x0000025991ca0000, 0x0000025991f10000, 0x00000259990f0000]
CodeHeap 'non-nmethods': size=7488Kb used=2280Kb max_used=2293Kb free=5207Kb
 bounds [0x00000259990f0000, 0x0000025999360000, 0x0000025999840000]
 total_blobs=1138 nmethods=711 adapters=338
 compilation: enabled
              stopped_count=0, restarted_count=0
 full_count=0

Compilation events (20 events):
Event: 0.559 Thread 0x00000259a7ff5d20  678       3       java.lang.StringBuilder::append (6 bytes)
Event: 0.559 Thread 0x00000259a8122440 nmethod 676 0x0000025991da9890 code [0x0000025991da9a20, 0x0000025991da9b68]
Event: 0.559 Thread 0x00000259a7ff5d20 nmethod 678 0x0000025991da9c10 code [0x0000025991da9dc0, 0x0000025991da9f68]
Event: 0.559 Thread 0x00000259a8170c00 nmethod 649 0x000002599987d910 code [0x000002599987daa0, 0x000002599987dbb8]
Event: 0.559 Thread 0x00000259a8170c00  679       4       java.lang.AbstractStringBuilder::append (77 bytes)
Event: 0.560 Thread 0x00000259a80ebe30 nmethod 677 0x0000025991daa010 code [0x0000025991daa200, 0x0000025991daa778]
Event: 0.560 Thread 0x00000259a8122440  681   !   3       java.util.zip.Inflater::inflate (418 bytes)
Event: 0.562 Thread 0x00000259a8122440 nmethod 681 0x0000025991daaa10 code [0x0000025991daace0, 0x0000025991dabe88]
Event: 0.564 Thread 0x00000259a8122440  683       3       java.util.Properties::getProperty (50 bytes)
Event: 0.564 Thread 0x00000259a8122440 nmethod 683 0x0000025991dac890 code [0x0000025991daca60, 0x0000025991dacf38]
Event: 0.565 Thread 0x00000259a8170c00 nmethod 679 0x000002599987e190 code [0x000002599987e320, 0x000002599987e7a8]
Event: 0.565 Thread 0x00000259a8170c00  680       4       java.util.zip.ZipCoder$UTF8ZipCoder::checkedHash (91 bytes)
Event: 0.569 Thread 0x00000259a8122440  684       3       java.util.zip.ZipFile::getZipEntry (322 bytes)
Event: 0.569 Thread 0x00000259a8170c00 nmethod 680 0x000002599987ea90 code [0x000002599987ec20, 0x000002599987ee78]
Event: 0.570 Thread 0x00000259a7ff5d20  685       3       jdk.internal.misc.Unsafe::getIntUnaligned (12 bytes)
Event: 0.570 Thread 0x00000259a8170c00  686       4       sun.security.provider.SHA2::implCompress0 (490 bytes)
Event: 0.570 Thread 0x00000259a7ff5d20 nmethod 685 0x0000025991dad090 code [0x0000025991dad240, 0x0000025991dad498]
Event: 0.570 Thread 0x00000259a7ff5d20  687       1       jdk.internal.loader.BuiltinClassLoader$LoadedModule::loader (5 bytes)
Event: 0.570 Thread 0x00000259a7ff5d20 nmethod 687 0x000002599987f010 code [0x000002599987f1a0, 0x000002599987f278]
Event: 0.572 Thread 0x00000259a8122440 nmethod 684 0x0000025991dad590 code [0x0000025991dad9e0, 0x0000025991daff98]

GC Heap History (0 events):
No events

Dll operation events (8 events):
Event: 0.011 Loaded shared library c:\Users\Admin\.vscode\extensions\redhat.java-1.32.0-win32-x64\jre\17.0.11-win32-x86_64\bin\java.dll
Event: 0.146 Loaded shared library c:\Users\Admin\.vscode\extensions\redhat.java-1.32.0-win32-x64\jre\17.0.11-win32-x86_64\bin\zip.dll
Event: 0.150 Loaded shared library C:\Users\Admin\.vscode\extensions\redhat.java-1.32.0-win32-x64\jre\17.0.11-win32-x86_64\bin\instrument.dll
Event: 0.164 Loaded shared library C:\Users\Admin\.vscode\extensions\redhat.java-1.32.0-win32-x64\jre\17.0.11-win32-x86_64\bin\net.dll
Event: 0.167 Loaded shared library C:\Users\Admin\.vscode\extensions\redhat.java-1.32.0-win32-x64\jre\17.0.11-win32-x86_64\bin\nio.dll
Event: 0.173 Loaded shared library C:\Users\Admin\.vscode\extensions\redhat.java-1.32.0-win32-x64\jre\17.0.11-win32-x86_64\bin\zip.dll
Event: 0.192 Loaded shared library C:\Users\Admin\.vscode\extensions\redhat.java-1.32.0-win32-x64\jre\17.0.11-win32-x86_64\bin\jimage.dll
Event: 0.252 Loaded shared library c:\Users\Admin\.vscode\extensions\redhat.java-1.32.0-win32-x64\jre\17.0.11-win32-x86_64\bin\verify.dll

Deoptimization events (20 events):
Event: 0.495 Thread 0x000002598f00ef00 DEOPT PACKING pc=0x0000025991d6ec80 sp=0x0000008e8f1fda20
Event: 0.495 Thread 0x000002598f00ef00 DEOPT UNPACKING pc=0x0000025999146e43 sp=0x0000008e8f1fce78 mode 0
Event: 0.503 Thread 0x000002598f00ef00 Uncommon trap: trap_request=0xffffff6e fr.pc=0x00000259998739f0 relative=0x00000000000001f0
Event: 0.503 Thread 0x000002598f00ef00 Uncommon trap: reason=loop_limit_check action=maybe_recompile pc=0x00000259998739f0 method=java.math.BigInteger.implMulAdd([I[IIII)I @ 26 c2
Event: 0.503 Thread 0x000002598f00ef00 DEOPT PACKING pc=0x00000259998739f0 sp=0x0000008e8f1fdaf0
Event: 0.503 Thread 0x000002598f00ef00 DEOPT UNPACKING pc=0x00000259991466a3 sp=0x0000008e8f1fda40 mode 2
Event: 0.548 Thread 0x000002598f00ef00 Uncommon trap: trap_request=0xffffff45 fr.pc=0x000002599987c5f4 relative=0x0000000000000074
Event: 0.548 Thread 0x000002598f00ef00 Uncommon trap: reason=unstable_if action=reinterpret pc=0x000002599987c5f4 method=jdk.internal.misc.Unsafe.convEndian(ZI)I @ 4 c2
Event: 0.548 Thread 0x000002598f00ef00 DEOPT PACKING pc=0x000002599987c5f4 sp=0x0000008e8f1fdc90
Event: 0.548 Thread 0x000002598f00ef00 DEOPT UNPACKING pc=0x00000259991466a3 sp=0x0000008e8f1fdbc0 mode 2
Event: 0.551 Thread 0x000002598f00ef00 Uncommon trap: trap_request=0xffffff45 fr.pc=0x00000259998641a8 relative=0x0000000000000568
Event: 0.551 Thread 0x000002598f00ef00 Uncommon trap: reason=unstable_if action=reinterpret pc=0x00000259998641a8 method=java.lang.AbstractStringBuilder.append(Ljava/lang/String;)Ljava/lang/AbstractStringBuilder; @ 1 c2
Event: 0.551 Thread 0x000002598f00ef00 DEOPT PACKING pc=0x00000259998641a8 sp=0x0000008e8f1fe010
Event: 0.551 Thread 0x000002598f00ef00 DEOPT UNPACKING pc=0x00000259991466a3 sp=0x0000008e8f1fdf90 mode 2
Event: 0.560 Thread 0x000002598f00ef00 DEOPT PACKING pc=0x0000025991cd8c8c sp=0x0000008e8f1fe8e0
Event: 0.560 Thread 0x000002598f00ef00 DEOPT UNPACKING pc=0x0000025999146e43 sp=0x0000008e8f1fdd70 mode 0
Event: 0.563 Thread 0x000002598f00ef00 DEOPT PACKING pc=0x0000025991cd8c8c sp=0x0000008e8f1fe8e0
Event: 0.563 Thread 0x000002598f00ef00 DEOPT UNPACKING pc=0x0000025999146e43 sp=0x0000008e8f1fdd70 mode 0
Event: 0.570 Thread 0x000002598f00ef00 DEOPT PACKING pc=0x0000025991d8a5b2 sp=0x0000008e8f1fe390
Event: 0.570 Thread 0x000002598f00ef00 DEOPT UNPACKING pc=0x0000025999146e43 sp=0x0000008e8f1fd7e8 mode 0

Classes unloaded (0 events):
No events

Classes redefined (0 events):
No events

Internal exceptions (9 events):
Event: 0.118 Thread 0x000002598f00ef00 Exception <a 'java/lang/NoSuchMethodError'{0x00000000eacb5fb8}: 'void java.lang.invoke.DirectMethodHandle$Holder.invokeStatic(java.lang.Object, java.lang.Object, java.lang.Object)'> (0x00000000eacb5fb8) 
thrown [s\src\hotspot\share\interpreter\linkResolver.cpp, line 759]
Event: 0.276 Thread 0x000002598f00ef00 Exception <a 'java/lang/reflect/InvocationTargetException'{0x00000000eb0eaa38}> (0x00000000eb0eaa38) 
thrown [s\src\hotspot\share\runtime\reflection.cpp, line 1121]
Event: 0.540 Thread 0x000002598f00ef00 Exception <a 'java/lang/ClassNotFoundException'{0x00000000eb980e18}: sun/net/www/protocol/c/Handler> (0x00000000eb980e18) 
thrown [s\src\hotspot\share\classfile\systemDictionary.cpp, line 256]
Event: 0.545 Thread 0x000002598f00ef00 Exception <a 'java/io/FileNotFoundException'{0x00000000eb9989e8}> (0x00000000eb9989e8) 
thrown [s\src\hotspot\share\prims\jni.cpp, line 516]
Event: 0.546 Thread 0x000002598f00ef00 Exception <a 'java/io/FileNotFoundException'{0x00000000eb999730}> (0x00000000eb999730) 
thrown [s\src\hotspot\share\prims\jni.cpp, line 516]
Event: 0.546 Thread 0x000002598f00ef00 Exception <a 'java/io/FileNotFoundException'{0x00000000eb99a458}> (0x00000000eb99a458) 
thrown [s\src\hotspot\share\prims\jni.cpp, line 516]
Event: 0.546 Thread 0x000002598f00ef00 Exception <a 'java/io/FileNotFoundException'{0x00000000eb99b150}> (0x00000000eb99b150) 
thrown [s\src\hotspot\share\prims\jni.cpp, line 516]
Event: 0.551 Thread 0x000002598f00ef00 Implicit null exception at 0x0000025999863c72 to 0x0000025999864190
Event: 0.554 Thread 0x000002598f00ef00 Exception <a 'java/io/FileNotFoundException'{0x00000000eb9d5ca8}> (0x00000000eb9d5ca8) 
thrown [s\src\hotspot\share\prims\jni.cpp, line 516]

VM Operations (8 events):
Event: 0.123 Executing VM operation: HandshakeAllThreads
Event: 0.123 Executing VM operation: HandshakeAllThreads done
Event: 0.207 Executing VM operation: HandshakeAllThreads
Event: 0.207 Executing VM operation: HandshakeAllThreads done
Event: 0.515 Executing VM operation: HandshakeAllThreads
Event: 0.515 Executing VM operation: HandshakeAllThreads done
Event: 0.535 Executing VM operation: HandshakeAllThreads
Event: 0.535 Executing VM operation: HandshakeAllThreads done

Events (20 events):
Event: 0.548 loading class sun/net/www/MimeTable$DefaultInstanceHolder$1 done
Event: 0.549 loading class java/util/Properties$EntrySet
Event: 0.549 loading class java/util/Properties$EntrySet done
Event: 0.549 loading class java/util/Collections$SynchronizedSet
Event: 0.549 loading class java/util/Collections$SynchronizedCollection
Event: 0.550 loading class java/util/Collections$SynchronizedCollection done
Event: 0.550 loading class java/util/Collections$SynchronizedSet done
Event: 0.550 loading class java/util/Hashtable$Enumerator
Event: 0.550 loading class java/util/Hashtable$Enumerator done
Event: 0.550 loading class sun/net/www/MimeEntry
Event: 0.550 loading class sun/net/www/MimeEntry done
Event: 0.560 loading class java/io/RandomAccessFile$1
Event: 0.561 loading class java/io/RandomAccessFile$1 done
Event: 0.570 loading class java/lang/UnsatisfiedLinkError
Event: 0.570 loading class java/lang/UnsatisfiedLinkError done
Event: 0.571 loading class java/nio/file/AccessMode
Event: 0.571 loading class java/nio/file/AccessMode done
Event: 0.571 loading class sun/nio/fs/WindowsFileSystemProvider$1
Event: 0.571 loading class sun/nio/fs/WindowsFileSystemProvider$1 done
Event: 0.571 loading class sun/nio/fs/WindowsLinkSupport


Dynamic libraries:
0x00007ff6c0cb0000 - 0x00007ff6c0cbe000 	c:\Users\Admin\.vscode\extensions\redhat.java-1.32.0-win32-x64\jre\17.0.11-win32-x86_64\bin\java.exe
0x00007ffd2f1b0000 - 0x00007ffd2f3c7000 	C:\WINDOWS\SYSTEM32\ntdll.dll
0x00007ffd2dc60000 - 0x00007ffd2dd24000 	C:\WINDOWS\System32\KERNEL32.DLL
0x00007ffd2cac0000 - 0x00007ffd2ce6d000 	C:\WINDOWS\System32\KERNELBASE.dll
0x00007ffd2c4e0000 - 0x00007ffd2c5f1000 	C:\WINDOWS\System32\ucrtbase.dll
0x00007ffd1aa70000 - 0x00007ffd1aa87000 	c:\Users\Admin\.vscode\extensions\redhat.java-1.32.0-win32-x64\jre\17.0.11-win32-x86_64\bin\jli.dll
0x00007ffd14b30000 - 0x00007ffd14b4b000 	c:\Users\Admin\.vscode\extensions\redhat.java-1.32.0-win32-x64\jre\17.0.11-win32-x86_64\bin\VCRUNTIME140.dll
0x00007ffd2d620000 - 0x00007ffd2d7ce000 	C:\WINDOWS\System32\USER32.dll
0x00007ffd2ca90000 - 0x00007ffd2cab6000 	C:\WINDOWS\System32\win32u.dll
0x00007ffd1d780000 - 0x00007ffd1da13000 	C:\WINDOWS\WinSxS\amd64_microsoft.windows.common-controls_6595b64144ccf1df_6.0.22621.3672_none_2713b9d173822955\COMCTL32.dll
0x00007ffd2d120000 - 0x00007ffd2d149000 	C:\WINDOWS\System32\GDI32.dll
0x00007ffd2e140000 - 0x00007ffd2e1e7000 	C:\WINDOWS\System32\msvcrt.dll
0x00007ffd2c760000 - 0x00007ffd2c879000 	C:\WINDOWS\System32\gdi32full.dll
0x00007ffd2c6c0000 - 0x00007ffd2c75a000 	C:\WINDOWS\System32\msvcp_win.dll
0x00007ffd2d150000 - 0x00007ffd2d181000 	C:\WINDOWS\System32\IMM32.DLL
0x00007ffd29170000 - 0x00007ffd2917c000 	c:\Users\Admin\.vscode\extensions\redhat.java-1.32.0-win32-x64\jre\17.0.11-win32-x86_64\bin\vcruntime140_1.dll
0x00007ffd00f70000 - 0x00007ffd00ffd000 	c:\Users\Admin\.vscode\extensions\redhat.java-1.32.0-win32-x64\jre\17.0.11-win32-x86_64\bin\msvcp140.dll
0x00007ffcaa1b0000 - 0x00007ffcaae12000 	c:\Users\Admin\.vscode\extensions\redhat.java-1.32.0-win32-x64\jre\17.0.11-win32-x86_64\bin\server\jvm.dll
0x00007ffd2d2b0000 - 0x00007ffd2d362000 	C:\WINDOWS\System32\ADVAPI32.dll
0x00007ffd2d370000 - 0x00007ffd2d419000 	C:\WINDOWS\System32\sechost.dll
0x00007ffd2c9f0000 - 0x00007ffd2ca18000 	C:\WINDOWS\System32\bcrypt.dll
0x00007ffd2d500000 - 0x00007ffd2d614000 	C:\WINDOWS\System32\RPCRT4.dll
0x00007ffd2c140000 - 0x00007ffd2c18d000 	C:\WINDOWS\SYSTEM32\POWRPROF.dll
0x00007ffd14660000 - 0x00007ffd14669000 	C:\WINDOWS\SYSTEM32\WSOCK32.dll
0x00007ffd27940000 - 0x00007ffd27974000 	C:\WINDOWS\SYSTEM32\WINMM.dll
0x00007ffd2d480000 - 0x00007ffd2d4f1000 	C:\WINDOWS\System32\WS2_32.dll
0x00007ffd22a60000 - 0x00007ffd22a6a000 	C:\WINDOWS\SYSTEM32\VERSION.dll
0x00007ffd2bf40000 - 0x00007ffd2bf53000 	C:\WINDOWS\SYSTEM32\UMPDC.dll
0x00007ffd2b510000 - 0x00007ffd2b528000 	C:\WINDOWS\SYSTEM32\kernel.appcore.dll
0x00007ffd14b20000 - 0x00007ffd14b2a000 	c:\Users\Admin\.vscode\extensions\redhat.java-1.32.0-win32-x64\jre\17.0.11-win32-x86_64\bin\jimage.dll
0x00007ffd29ed0000 - 0x00007ffd2a102000 	C:\WINDOWS\SYSTEM32\DBGHELP.DLL
0x00007ffd2e470000 - 0x00007ffd2e7f8000 	C:\WINDOWS\System32\combase.dll
0x00007ffd2de30000 - 0x00007ffd2df07000 	C:\WINDOWS\System32\OLEAUT32.dll
0x00007ffd128d0000 - 0x00007ffd12902000 	C:\WINDOWS\SYSTEM32\dbgcore.DLL
0x00007ffd2ce70000 - 0x00007ffd2ceeb000 	C:\WINDOWS\System32\bcryptPrimitives.dll
0x00007ffd14b10000 - 0x00007ffd14b1e000 	c:\Users\Admin\.vscode\extensions\redhat.java-1.32.0-win32-x64\jre\17.0.11-win32-x86_64\bin\instrument.dll
0x00007ffd0a7d0000 - 0x00007ffd0a7f5000 	c:\Users\Admin\.vscode\extensions\redhat.java-1.32.0-win32-x64\jre\17.0.11-win32-x86_64\bin\java.dll
0x00007ffd090d0000 - 0x00007ffd090e8000 	c:\Users\Admin\.vscode\extensions\redhat.java-1.32.0-win32-x64\jre\17.0.11-win32-x86_64\bin\zip.dll
0x00007ffd2e800000 - 0x00007ffd2f05f000 	C:\WINDOWS\System32\SHELL32.dll
0x00007ffd2a3f0000 - 0x00007ffd2acec000 	C:\WINDOWS\SYSTEM32\windows.storage.dll
0x00007ffd2a2b0000 - 0x00007ffd2a3ef000 	C:\WINDOWS\SYSTEM32\wintypes.dll
0x00007ffd2d1b0000 - 0x00007ffd2d2a4000 	C:\WINDOWS\System32\SHCORE.dll
0x00007ffd2df10000 - 0x00007ffd2df6e000 	C:\WINDOWS\System32\shlwapi.dll
0x00007ffd2c410000 - 0x00007ffd2c431000 	C:\WINDOWS\SYSTEM32\profapi.dll
0x00007ffd08770000 - 0x00007ffd08789000 	C:\Users\Admin\.vscode\extensions\redhat.java-1.32.0-win32-x64\jre\17.0.11-win32-x86_64\bin\net.dll
0x00007ffd28b60000 - 0x00007ffd28c96000 	C:\WINDOWS\SYSTEM32\WINHTTP.dll
0x00007ffd2b980000 - 0x00007ffd2b9e9000 	C:\WINDOWS\system32\mswsock.dll
0x00007ffd08750000 - 0x00007ffd08766000 	C:\Users\Admin\.vscode\extensions\redhat.java-1.32.0-win32-x64\jre\17.0.11-win32-x86_64\bin\nio.dll
0x00007ffd14b00000 - 0x00007ffd14b10000 	c:\Users\Admin\.vscode\extensions\redhat.java-1.32.0-win32-x64\jre\17.0.11-win32-x86_64\bin\verify.dll

dbghelp: loaded successfully - version: 4.0.5 - missing functions: none
symbol engine: initialized successfully - sym options: 0x614 - pdb path: .;c:\Users\Admin\.vscode\extensions\redhat.java-1.32.0-win32-x64\jre\17.0.11-win32-x86_64\bin;C:\WINDOWS\SYSTEM32;C:\WINDOWS\WinSxS\amd64_microsoft.windows.common-controls_6595b64144ccf1df_6.0.22621.3672_none_2713b9d173822955;c:\Users\Admin\.vscode\extensions\redhat.java-1.32.0-win32-x64\jre\17.0.11-win32-x86_64\bin\server

VM Arguments:
jvm_args: --add-modules=ALL-SYSTEM --add-opens=java.base/java.util=ALL-UNNAMED --add-opens=java.base/java.lang=ALL-UNNAMED --add-opens=java.base/sun.nio.fs=ALL-UNNAMED -Declipse.application=org.eclipse.jdt.ls.core.id1 -Dosgi.bundles.defaultStartLevel=4 -Declipse.product=org.eclipse.jdt.ls.core.product -Djava.import.generatesMetadataFilesAtProjectRoot=false -DDetectVMInstallationsJob.disabled=true -Dfile.encoding=utf8 -XX:+UseParallelGC -XX:GCTimeRatio=4 -XX:AdaptiveSizePolicyWeight=90 -Dsun.zip.disableMemoryMapping=true -Xmx1G -Xms100m -Xlog:disable -javaagent:c:\Users\Admin\.vscode\extensions\redhat.java-1.32.0-win32-x64\lombok\lombok-1.18.33.jar 
java_command: c:\Users\Admin\.vscode\extensions\redhat.java-1.32.0-win32-x64\server\plugins\org.eclipse.equinox.launcher_1.6.900.v20240613-2009.jar -configuration c:\Users\Admin\AppData\Roaming\Code\User\globalStorage\redhat.java\1.32.0\config_ss_win -data c:\Users\Admin\AppData\Roaming\Code\User\workspaceStorage\7a47b1dd9d3b1d10c799db6b28b5d418\redhat.java\ss_ws --pipe=\\.\pipe\lsp-fd7f3bb91301ab264d5bbde483b947bd-sock
java_class_path (initial): c:\Users\Admin\.vscode\extensions\redhat.java-1.32.0-win32-x64\server\plugins\org.eclipse.equinox.launcher_1.6.900.v20240613-2009.jar
Launcher Type: SUN_STANDARD

[Global flags]
    uintx AdaptiveSizePolicyWeight                 = 90                                        {product} {command line}
     intx CICompilerCount                          = 12                                        {product} {ergonomic}
    uintx GCTimeRatio                              = 4                                         {product} {command line}
   size_t InitialHeapSize                          = 104857600                                 {product} {command line}
   size_t MaxHeapSize                              = 1073741824                                {product} {command line}
   size_t MaxNewSize                               = 357564416                                 {product} {ergonomic}
   size_t MinHeapDeltaBytes                        = 524288                                    {product} {ergonomic}
   size_t MinHeapSize                              = 104857600                                 {product} {command line}
   size_t NewSize                                  = 34603008                                  {product} {ergonomic}
    uintx NonNMethodCodeHeapSize                   = 7602480                                {pd product} {ergonomic}
    uintx NonProfiledCodeHeapSize                  = 122027880                              {pd product} {ergonomic}
   size_t OldSize                                  = 70254592                                  {product} {ergonomic}
    uintx ProfiledCodeHeapSize                     = 122027880                              {pd product} {ergonomic}
    uintx ReservedCodeCacheSize                    = 251658240                              {pd product} {ergonomic}
     bool SegmentedCodeCache                       = true                                      {product} {ergonomic}
   size_t SoftMaxHeapSize                          = 1073741824                             {manageable} {ergonomic}
     bool UseCompressedClassPointers               = true                           {product lp64_product} {ergonomic}
     bool UseCompressedOops                        = true                           {product lp64_product} {ergonomic}
     bool UseLargePagesIndividualAllocation        = false                                  {pd product} {ergonomic}
     bool UseParallelGC                            = true                                      {product} {command line}

Logging:
Log output configuration:
 #0: stdout all=off uptime,level,tags
 #1: stderr all=off uptime,level,tags

Environment Variables:
JAVA_HOME=C:\Program Files\Eclipse Adoptium\jdk-21\
PATH=C:\Python312\Scripts\;C:\Python312\;C:\Program Files\Eclipse Adoptium\jdk-21\bin;C:\Program Files (x86)\VMware\VMware Workstation\bin\;C:\WINDOWS\system32;C:\WINDOWS;C:\WINDOWS\System32\Wbem;C:\WINDOWS\System32\WindowsPowerShell\v1.0\;C:\WINDOWS\System32\OpenSSH\;C:\ProgramData\chocolatey\bin;C:\Program Files\PostgreSQL\10\bin;C:\Program Files\Git\cmd;C:\Program Files (x86)\PuTTY\;C:\Program Files\Microsoft SQL Server\130\Tools\Binn\;C:\Program Files (x86)\IVI Foundation\VISA\WinNT\Bin\;C:\Program Files\IVI Foundation\VISA\Win64\Bin\;C:\Program Files (x86)\IVI Foundation\VISA\WinNT\Bin;C:\Users\Admin\AppData\Roaming\nvm;C:\Program Files\nodejs;C:\JupyterLab;C:\Maven\apache-maven-3.9.7\bin;;C:\Program Files\Docker\Docker\resources\bin;C:\Program Files\nodejs\;C:\Users\Admin\AppData\Local\Programs\Python\Python312\Scripts\;C:\Users\Admin\AppData\Local\Programs\Python\Python312\;C:\Users\Admin\AppData\Local\Microsoft\WindowsApps;C:\Users\Admin\AppData\Local\Programs\Microsoft VS Code\bin;C:\xampp\php;C:\Program Files\Azure Data Studio\bin;C:\Program Files\MongoDB\Server\5.0\bin;C:\Users\Admin\AppData\Roaming\nvm;C:\Program Files\nodejs;C:\Users\Admin\AppData\Roaming\npm
USERNAME=Admin
OS=Windows_NT
PROCESSOR_IDENTIFIER=AMD64 Family 23 Model 104 Stepping 1, AuthenticAMD
TMP=C:\Users\Admin\AppData\Local\Temp
TEMP=C:\Users\Admin\AppData\Local\Temp



Periodic native trim disabled


---------------  S Y S T E M  ---------------

OS:
 Windows 11 , 64 bit Build 22621 (10.0.22621.3672)
OS uptime: 0 days 12:02 hours
Hyper-V role detected

CPU: total 16 (initial active 16) (16 cores per cpu, 2 threads per core) family 23 model 104 stepping 1 microcode 0x0, cx8, cmov, fxsr, ht, mmx, 3dnowpref, sse, sse2, sse3, ssse3, sse4a, sse4.1, sse4.2, popcnt, lzcnt, tsc, tscinvbit, avx, avx2, aes, clmul, bmi1, bmi2, adx, sha, fma, vzeroupper, clflush, clflushopt, hv
Processor Information for all 16 processors :
  Max Mhz: 1801, Current Mhz: 1801, Mhz Limit: 1801

Memory: 4k page, system-wide physical 15709M (4228M free)
TotalPageFile size 17757M (AvailPageFile size 5M)
current process WorkingSet (physical memory assigned to process): 65M, peak: 65M
current process commit charge ("private bytes"): 216M, peak: 216M

vm_info: OpenJDK 64-Bit Server VM (17.0.11+9) for windows-amd64 JRE (17.0.11+9), built on Apr 17 2024 06:07:48 by "admin" with MS VC++ 16.10 / 16.11 (VS2019)

END.
